{"C:\\Applic\\Server\\DBNode-4.0.0-beta-3\\htdocs\\__Projects\\utilities\\submodules\\xassist-csv\\dist\\xAssist-csv.js":{"path":"C:\\Applic\\Server\\DBNode-4.0.0-beta-3\\htdocs\\__Projects\\utilities\\submodules\\xassist-csv\\dist\\xAssist-csv.js","s":{"1":1,"2":1,"3":1,"4":1,"5":1,"6":1,"7":40,"8":1,"9":10,"10":10,"11":12,"12":10,"13":1,"14":77,"15":1,"16":67,"17":67,"18":38,"19":4,"20":4,"21":34,"22":29,"23":6,"24":6,"25":6,"26":1,"27":8,"28":1,"29":17,"30":17,"31":17,"32":17,"33":15,"34":4,"35":15,"36":45,"37":45,"38":8,"39":8,"40":0,"41":0,"42":8,"43":8,"44":8,"45":8,"46":0,"47":0,"48":8,"49":45,"50":17,"51":1,"52":67,"53":67,"54":4,"55":67,"56":1,"57":0,"58":0,"59":1,"60":0,"61":0,"62":0,"63":0,"64":0,"65":0,"66":0,"67":0,"68":0,"69":0,"70":1,"71":0,"72":0,"73":0,"74":1,"75":33,"76":33,"77":33,"78":24,"79":1,"80":24,"81":33,"82":127,"83":343,"84":343,"85":343,"86":1,"87":33,"88":33,"89":8,"90":8,"91":7,"92":1,"93":25,"94":32,"95":32,"96":1,"97":34,"98":34,"99":9,"100":9,"101":8,"102":1,"103":25,"104":33,"105":33,"106":33,"107":9,"108":33,"109":1,"110":0,"111":0,"112":0,"113":0,"114":0,"115":0,"116":0,"117":0,"118":0,"119":1,"120":0,"121":0,"122":0,"123":0,"124":67,"125":1,"126":82,"127":82,"128":82,"129":82,"130":82,"131":82,"132":82,"133":82,"134":1,"135":82,"136":1,"137":4,"138":4,"139":1,"140":1051,"141":1051,"142":1051,"143":126,"144":925,"145":201,"146":1,"147":6163,"148":8,"149":6155,"150":193,"151":193,"152":134,"153":6163,"154":724,"155":724,"156":724,"157":724,"158":6165,"159":6129,"160":627,"161":5502,"162":36,"163":36,"164":5466,"165":5186,"166":36,"167":34,"168":34,"169":34,"170":34,"171":34,"172":0,"173":34,"174":32,"175":2,"176":2,"177":2,"178":2,"179":61,"180":1,"181":82,"182":82,"183":16,"184":82,"185":82,"186":16,"187":8,"188":82,"189":264,"190":82,"191":266,"192":266,"193":266,"194":718,"195":708,"196":718,"197":48,"198":718,"199":718,"200":10,"201":10,"202":718,"203":266,"204":264,"205":264,"206":28,"207":264,"208":264,"209":0,"210":264,"211":82,"212":82,"213":1,"214":1},"b":{"1":[1,0],"2":[1,1],"3":[0,0],"4":[0,0],"5":[0,0],"6":[38,29],"7":[4,34],"8":[6,23],"9":[8,8],"10":[17,2],"11":[15,2],"12":[53,12],"13":[0,8],"14":[8,0],"15":[8,8],"16":[4,63],"17":[0,0],"18":[0,0],"19":[0,0],"20":[33,0],"21":[33,0],"22":[343,242],"23":[8,25],"24":[7,1],"25":[32,30],"26":[9,25],"27":[8,1],"28":[33,31],"29":[2,31],"30":[0,0],"31":[0,0],"32":[0,0],"33":[65,17],"34":[82,67],"35":[126,925],"36":[201,724],"37":[8,6155],"38":[193,5962],"39":[134,59],"40":[720,4],"41":[6129,36],"42":[627,5502],"43":[6129,5938],"44":[36,5466],"45":[5186,280],"46":[34,2],"47":[374,374,36],"48":[34,0],"49":[124,124],"50":[32,2],"51":[34,24,22],"52":[8,8],"53":[16,14,14,4,4,10,8],"54":[348,333,270],"55":[984,783,720],"56":[708,10],"57":[48,670],"58":[718,712],"59":[10,708],"60":[718,517],"61":[18,16],"62":[264,2],"63":[136,128],"64":[28,236],"65":[264,264,264],"66":[0,264]},"f":{"1":1,"2":1,"3":40,"4":10,"5":77,"6":67,"7":8,"8":17,"9":4,"10":67,"11":0,"12":0,"13":0,"14":0,"15":0,"16":0,"17":0,"18":33,"19":24,"20":127,"21":343,"22":33,"23":34,"24":9,"25":0,"26":0,"27":0,"28":0,"29":0,"30":82,"31":82,"32":4,"33":1051,"34":6163,"35":82,"36":16,"37":264},"fnMap":{"1":{"name":"(anonymous_1)","line":4,"loc":{"start":{"line":4,"column":1},"end":{"line":4,"column":28}}},"2":{"name":"(anonymous_2)","line":8,"loc":{"start":{"line":8,"column":9},"end":{"line":8,"column":55}}},"3":{"name":"_setOptions","line":26,"loc":{"start":{"line":26,"column":0},"end":{"line":26,"column":32}}},"4":{"name":"_setDelimiter","line":29,"loc":{"start":{"line":29,"column":0},"end":{"line":29,"column":26}}},"5":{"name":"_getReFormat","line":36,"loc":{"start":{"line":36,"column":0},"end":{"line":36,"column":33}}},"6":{"name":"csv","line":39,"loc":{"start":{"line":39,"column":0},"end":{"line":39,"column":37}}},"7":{"name":"_isNumeric","line":56,"loc":{"start":{"line":56,"column":1},"end":{"line":56,"column":24}}},"8":{"name":"_getHeader","line":60,"loc":{"start":{"line":60,"column":1},"end":{"line":60,"column":27}}},"9":{"name":"(anonymous_9)","line":67,"loc":{"start":{"line":67,"column":63},"end":{"line":67,"column":76}}},"10":{"name":"formatResult","line":99,"loc":{"start":{"line":99,"column":1},"end":{"line":99,"column":43}}},"11":{"name":"rowArrayToText","line":106,"loc":{"start":{"line":106,"column":1},"end":{"line":106,"column":33}}},"12":{"name":"(anonymous_12)","line":107,"loc":{"start":{"line":107,"column":17},"end":{"line":107,"column":30}}},"13":{"name":"rowObjectToText","line":111,"loc":{"start":{"line":111,"column":1},"end":{"line":111,"column":35}}},"14":{"name":"(anonymous_14)","line":112,"loc":{"start":{"line":112,"column":25},"end":{"line":112,"column":46}}},"15":{"name":"(anonymous_15)","line":116,"loc":{"start":{"line":116,"column":9},"end":{"line":116,"column":27}}},"16":{"name":"(anonymous_16)","line":118,"loc":{"start":{"line":118,"column":37},"end":{"line":118,"column":59}}},"17":{"name":"valueToText","line":125,"loc":{"start":{"line":125,"column":1},"end":{"line":125,"column":29}}},"18":{"name":"arrayToObject","line":134,"loc":{"start":{"line":134,"column":1},"end":{"line":134,"column":41}}},"19":{"name":"(anonymous_19)","line":138,"loc":{"start":{"line":138,"column":26},"end":{"line":138,"column":44}}},"20":{"name":"(anonymous_20)","line":144,"loc":{"start":{"line":144,"column":9},"end":{"line":144,"column":24}}},"21":{"name":"(anonymous_21)","line":145,"loc":{"start":{"line":145,"column":21},"end":{"line":145,"column":53}}},"22":{"name":"toArray","line":153,"loc":{"start":{"line":153,"column":1},"end":{"line":153,"column":43}}},"23":{"name":"toObject","line":171,"loc":{"start":{"line":171,"column":3},"end":{"line":171,"column":46}}},"24":{"name":"(anonymous_24)","line":191,"loc":{"start":{"line":191,"column":18},"end":{"line":191,"column":36}}},"25":{"name":"fromObject","line":195,"loc":{"start":{"line":195,"column":3},"end":{"line":195,"column":38}}},"26":{"name":"(anonymous_26)","line":201,"loc":{"start":{"line":201,"column":9},"end":{"line":201,"column":24}}},"27":{"name":"(anonymous_27)","line":206,"loc":{"start":{"line":206,"column":22},"end":{"line":206,"column":35}}},"28":{"name":"fromArray","line":211,"loc":{"start":{"line":211,"column":3},"end":{"line":211,"column":37}}},"29":{"name":"(anonymous_29)","line":213,"loc":{"start":{"line":213,"column":9},"end":{"line":213,"column":24}}},"30":{"name":"csvParser","line":229,"loc":{"start":{"line":229,"column":0},"end":{"line":229,"column":76}}},"31":{"name":"parseRows","line":239,"loc":{"start":{"line":239,"column":1},"end":{"line":239,"column":26}}},"32":{"name":"setError","line":252,"loc":{"start":{"line":252,"column":2},"end":{"line":252,"column":31}}},"33":{"name":"getNextValue","line":261,"loc":{"start":{"line":261,"column":2},"end":{"line":261,"column":26}}},"34":{"name":"checkCRLF","line":272,"loc":{"start":{"line":272,"column":3},"end":{"line":272,"column":24}}},"35":{"name":"getResult","line":329,"loc":{"start":{"line":329,"column":2},"end":{"line":329,"column":23}}},"36":{"name":"(anonymous_36)","line":331,"loc":{"start":{"line":331,"column":76},"end":{"line":331,"column":92}}},"37":{"name":"(anonymous_37)","line":344,"loc":{"start":{"line":344,"column":27},"end":{"line":344,"column":43}}}},"statementMap":{"1":{"start":{"line":4,"column":0},"end":{"line":393,"column":5}},"2":{"start":{"line":5,"column":1},"end":{"line":7,"column":62}},"3":{"start":{"line":10,"column":0},"end":{"line":10,"column":22}},"4":{"start":{"line":11,"column":0},"end":{"line":21,"column":2}},"5":{"start":{"line":22,"column":0},"end":{"line":25,"column":2}},"6":{"start":{"line":26,"column":0},"end":{"line":28,"column":1}},"7":{"start":{"line":27,"column":1},"end":{"line":27,"column":53}},"8":{"start":{"line":29,"column":0},"end":{"line":35,"column":1}},"9":{"start":{"line":30,"column":1},"end":{"line":30,"column":20}},"10":{"start":{"line":31,"column":1},"end":{"line":33,"column":2}},"11":{"start":{"line":32,"column":2},"end":{"line":32,"column":34}},"12":{"start":{"line":34,"column":1},"end":{"line":34,"column":18}},"13":{"start":{"line":36,"column":0},"end":{"line":38,"column":2}},"14":{"start":{"line":37,"column":2},"end":{"line":37,"column":83}},"15":{"start":{"line":39,"column":0},"end":{"line":227,"column":1}},"16":{"start":{"line":40,"column":1},"end":{"line":43,"column":40}},"17":{"start":{"line":44,"column":1},"end":{"line":55,"column":2}},"18":{"start":{"line":45,"column":2},"end":{"line":50,"column":3}},"19":{"start":{"line":46,"column":3},"end":{"line":46,"column":41}},"20":{"start":{"line":47,"column":3},"end":{"line":47,"column":42}},"21":{"start":{"line":49,"column":3},"end":{"line":49,"column":45}},"22":{"start":{"line":51,"column":8},"end":{"line":55,"column":2}},"23":{"start":{"line":52,"column":2},"end":{"line":52,"column":40}},"24":{"start":{"line":53,"column":2},"end":{"line":53,"column":41}},"25":{"start":{"line":54,"column":2},"end":{"line":54,"column":44}},"26":{"start":{"line":56,"column":1},"end":{"line":59,"column":2}},"27":{"start":{"line":58,"column":2},"end":{"line":58,"column":46}},"28":{"start":{"line":60,"column":1},"end":{"line":98,"column":2}},"29":{"start":{"line":61,"column":2},"end":{"line":61,"column":50}},"30":{"start":{"line":62,"column":2},"end":{"line":62,"column":23}},"31":{"start":{"line":63,"column":2},"end":{"line":63,"column":158}},"32":{"start":{"line":65,"column":2},"end":{"line":96,"column":3}},"33":{"start":{"line":67,"column":3},"end":{"line":67,"column":109}},"34":{"start":{"line":67,"column":77},"end":{"line":67,"column":106}},"35":{"start":{"line":69,"column":3},"end":{"line":95,"column":4}},"36":{"start":{"line":71,"column":4},"end":{"line":71,"column":34}},"37":{"start":{"line":72,"column":4},"end":{"line":93,"column":5}},"38":{"start":{"line":74,"column":5},"end":{"line":74,"column":40}},"39":{"start":{"line":75,"column":5},"end":{"line":91,"column":6}},"40":{"start":{"line":76,"column":6},"end":{"line":76,"column":29}},"41":{"start":{"line":77,"column":6},"end":{"line":77,"column":16}},"42":{"start":{"line":80,"column":6},"end":{"line":80,"column":30}},"43":{"start":{"line":81,"column":6},"end":{"line":89,"column":7}},"44":{"start":{"line":82,"column":7},"end":{"line":82,"column":29}},"45":{"start":{"line":83,"column":7},"end":{"line":83,"column":37}},"46":{"start":{"line":86,"column":7},"end":{"line":86,"column":52}},"47":{"start":{"line":87,"column":7},"end":{"line":87,"column":17}},"48":{"start":{"line":92,"column":5},"end":{"line":92,"column":42}},"49":{"start":{"line":94,"column":4},"end":{"line":94,"column":34}},"50":{"start":{"line":97,"column":2},"end":{"line":97,"column":13}},"51":{"start":{"line":99,"column":1},"end":{"line":105,"column":2}},"52":{"start":{"line":100,"column":2},"end":{"line":100,"column":29}},"53":{"start":{"line":101,"column":2},"end":{"line":103,"column":3}},"54":{"start":{"line":102,"column":3},"end":{"line":102,"column":64}},"55":{"start":{"line":104,"column":2},"end":{"line":104,"column":19}},"56":{"start":{"line":106,"column":1},"end":{"line":110,"column":2}},"57":{"start":{"line":107,"column":2},"end":{"line":109,"column":13}},"58":{"start":{"line":108,"column":3},"end":{"line":108,"column":25}},"59":{"start":{"line":111,"column":1},"end":{"line":124,"column":2}},"60":{"start":{"line":112,"column":2},"end":{"line":115,"column":10}},"61":{"start":{"line":113,"column":4},"end":{"line":113,"column":15}},"62":{"start":{"line":114,"column":4},"end":{"line":114,"column":15}},"63":{"start":{"line":116,"column":2},"end":{"line":123,"column":4}},"64":{"start":{"line":117,"column":3},"end":{"line":117,"column":19}},"65":{"start":{"line":118,"column":3},"end":{"line":121,"column":6}},"66":{"start":{"line":119,"column":4},"end":{"line":119,"column":63}},"67":{"start":{"line":119,"column":32},"end":{"line":119,"column":63}},"68":{"start":{"line":120,"column":4},"end":{"line":120,"column":40}},"69":{"start":{"line":122,"column":3},"end":{"line":122,"column":25}},"70":{"start":{"line":125,"column":1},"end":{"line":133,"column":2}},"71":{"start":{"line":128,"column":2},"end":{"line":132,"column":3}},"72":{"start":{"line":129,"column":3},"end":{"line":129,"column":13}},"73":{"start":{"line":131,"column":3},"end":{"line":131,"column":83}},"74":{"start":{"line":134,"column":1},"end":{"line":151,"column":2}},"75":{"start":{"line":135,"column":2},"end":{"line":135,"column":50}},"76":{"start":{"line":136,"column":2},"end":{"line":136,"column":30}},"77":{"start":{"line":138,"column":2},"end":{"line":143,"column":14}},"78":{"start":{"line":139,"column":4},"end":{"line":141,"column":5}},"79":{"start":{"line":140,"column":5},"end":{"line":140,"column":21}},"80":{"start":{"line":142,"column":4},"end":{"line":142,"column":15}},"81":{"start":{"line":144,"column":2},"end":{"line":150,"column":4}},"82":{"start":{"line":145,"column":3},"end":{"line":149,"column":10}},"83":{"start":{"line":146,"column":4},"end":{"line":146,"column":49}},"84":{"start":{"line":147,"column":4},"end":{"line":147,"column":24}},"85":{"start":{"line":148,"column":4},"end":{"line":148,"column":18}},"86":{"start":{"line":153,"column":1},"end":{"line":171,"column":2}},"87":{"start":{"line":156,"column":2},"end":{"line":156,"column":8}},"88":{"start":{"line":157,"column":2},"end":{"line":168,"column":3}},"89":{"start":{"line":158,"column":3},"end":{"line":158,"column":24}},"90":{"start":{"line":159,"column":3},"end":{"line":164,"column":4}},"91":{"start":{"line":160,"column":4},"end":{"line":160,"column":20}},"92":{"start":{"line":163,"column":4},"end":{"line":163,"column":27}},"93":{"start":{"line":167,"column":3},"end":{"line":167,"column":10}},"94":{"start":{"line":169,"column":2},"end":{"line":169,"column":25}},"95":{"start":{"line":170,"column":2},"end":{"line":170,"column":96}},"96":{"start":{"line":171,"column":3},"end":{"line":195,"column":2}},"97":{"start":{"line":174,"column":2},"end":{"line":176,"column":4}},"98":{"start":{"line":177,"column":2},"end":{"line":188,"column":3}},"99":{"start":{"line":178,"column":3},"end":{"line":178,"column":24}},"100":{"start":{"line":179,"column":3},"end":{"line":184,"column":4}},"101":{"start":{"line":180,"column":4},"end":{"line":180,"column":20}},"102":{"start":{"line":183,"column":4},"end":{"line":183,"column":27}},"103":{"start":{"line":187,"column":3},"end":{"line":187,"column":10}},"104":{"start":{"line":189,"column":2},"end":{"line":189,"column":25}},"105":{"start":{"line":190,"column":2},"end":{"line":190,"column":59}},"106":{"start":{"line":191,"column":2},"end":{"line":193,"column":16}},"107":{"start":{"line":192,"column":3},"end":{"line":192,"column":38}},"108":{"start":{"line":194,"column":2},"end":{"line":194,"column":89}},"109":{"start":{"line":195,"column":3},"end":{"line":211,"column":2}},"110":{"start":{"line":196,"column":2},"end":{"line":198,"column":7}},"111":{"start":{"line":199,"column":2},"end":{"line":199,"column":26}},"112":{"start":{"line":200,"column":2},"end":{"line":200,"column":37}},"113":{"start":{"line":201,"column":2},"end":{"line":203,"column":4}},"114":{"start":{"line":202,"column":3},"end":{"line":202,"column":26}},"115":{"start":{"line":204,"column":2},"end":{"line":204,"column":26}},"116":{"start":{"line":205,"column":2},"end":{"line":205,"column":17}},"117":{"start":{"line":206,"column":2},"end":{"line":210,"column":14}},"118":{"start":{"line":207,"column":4},"end":{"line":207,"column":26}},"119":{"start":{"line":211,"column":3},"end":{"line":220,"column":2}},"120":{"start":{"line":212,"column":2},"end":{"line":215,"column":4}},"121":{"start":{"line":214,"column":3},"end":{"line":214,"column":33}},"122":{"start":{"line":216,"column":2},"end":{"line":216,"column":26}},"123":{"start":{"line":217,"column":2},"end":{"line":219,"column":14}},"124":{"start":{"line":221,"column":1},"end":{"line":226,"column":3}},"125":{"start":{"line":229,"column":0},"end":{"line":387,"column":1}},"126":{"start":{"line":231,"column":1},"end":{"line":231,"column":16}},"127":{"start":{"line":232,"column":1},"end":{"line":232,"column":18}},"128":{"start":{"line":233,"column":1},"end":{"line":233,"column":17}},"129":{"start":{"line":234,"column":1},"end":{"line":234,"column":16}},"130":{"start":{"line":235,"column":1},"end":{"line":235,"column":14}},"131":{"start":{"line":236,"column":1},"end":{"line":236,"column":14}},"132":{"start":{"line":237,"column":1},"end":{"line":237,"column":16}},"133":{"start":{"line":238,"column":1},"end":{"line":238,"column":73}},"134":{"start":{"line":239,"column":1},"end":{"line":384,"column":2}},"135":{"start":{"line":240,"column":2},"end":{"line":251,"column":20}},"136":{"start":{"line":252,"column":2},"end":{"line":260,"column":3}},"137":{"start":{"line":253,"column":3},"end":{"line":257,"column":5}},"138":{"start":{"line":258,"column":3},"end":{"line":258,"column":17}},"139":{"start":{"line":261,"column":2},"end":{"line":328,"column":3}},"140":{"start":{"line":262,"column":3},"end":{"line":265,"column":26}},"141":{"start":{"line":266,"column":3},"end":{"line":266,"column":24}},"142":{"start":{"line":267,"column":3},"end":{"line":268,"column":15}},"143":{"start":{"line":268,"column":4},"end":{"line":268,"column":15}},"144":{"start":{"line":269,"column":3},"end":{"line":270,"column":28}},"145":{"start":{"line":270,"column":4},"end":{"line":270,"column":28}},"146":{"start":{"line":272,"column":3},"end":{"line":288,"column":4}},"147":{"start":{"line":278,"column":4},"end":{"line":286,"column":5}},"148":{"start":{"line":279,"column":5},"end":{"line":279,"column":16}},"149":{"start":{"line":281,"column":9},"end":{"line":286,"column":5}},"150":{"start":{"line":282,"column":5},"end":{"line":282,"column":16}},"151":{"start":{"line":284,"column":5},"end":{"line":285,"column":18}},"152":{"start":{"line":285,"column":6},"end":{"line":285,"column":18}},"153":{"start":{"line":287,"column":4},"end":{"line":287,"column":15}},"154":{"start":{"line":289,"column":3},"end":{"line":289,"column":21}},"155":{"start":{"line":290,"column":3},"end":{"line":290,"column":22}},"156":{"start":{"line":291,"column":3},"end":{"line":291,"column":117}},"157":{"start":{"line":292,"column":3},"end":{"line":325,"column":4}},"158":{"start":{"line":293,"column":4},"end":{"line":324,"column":5}},"159":{"start":{"line":294,"column":5},"end":{"line":301,"column":37}},"160":{"start":{"line":295,"column":6},"end":{"line":295,"column":46}},"161":{"start":{"line":296,"column":10},"end":{"line":301,"column":37}},"162":{"start":{"line":298,"column":6},"end":{"line":298,"column":24}},"163":{"start":{"line":299,"column":6},"end":{"line":299,"column":24}},"164":{"start":{"line":300,"column":12},"end":{"line":301,"column":37}},"165":{"start":{"line":301,"column":6},"end":{"line":301,"column":37}},"166":{"start":{"line":302,"column":11},"end":{"line":324,"column":5}},"167":{"start":{"line":304,"column":5},"end":{"line":304,"column":113}},"168":{"start":{"line":305,"column":5},"end":{"line":305,"column":31}},"169":{"start":{"line":306,"column":5},"end":{"line":306,"column":21}},"170":{"start":{"line":308,"column":5},"end":{"line":311,"column":18}},"171":{"start":{"line":309,"column":6},"end":{"line":309,"column":72}},"172":{"start":{"line":311,"column":6},"end":{"line":311,"column":18}},"173":{"start":{"line":312,"column":5},"end":{"line":318,"column":6}},"174":{"start":{"line":313,"column":6},"end":{"line":313,"column":57}},"175":{"start":{"line":316,"column":6},"end":{"line":316,"column":41}},"176":{"start":{"line":317,"column":6},"end":{"line":317,"column":19}},"177":{"start":{"line":322,"column":5},"end":{"line":322,"column":32}},"178":{"start":{"line":323,"column":5},"end":{"line":323,"column":18}},"179":{"start":{"line":327,"column":3},"end":{"line":327,"column":45}},"180":{"start":{"line":329,"column":2},"end":{"line":353,"column":3}},"181":{"start":{"line":330,"column":3},"end":{"line":330,"column":38}},"182":{"start":{"line":331,"column":3},"end":{"line":333,"column":7}},"183":{"start":{"line":332,"column":5},"end":{"line":332,"column":26}},"184":{"start":{"line":334,"column":3},"end":{"line":334,"column":25}},"185":{"start":{"line":335,"column":3},"end":{"line":342,"column":4}},"186":{"start":{"line":336,"column":4},"end":{"line":341,"column":5}},"187":{"start":{"line":340,"column":5},"end":{"line":340,"column":64}},"188":{"start":{"line":343,"column":3},"end":{"line":352,"column":5}},"189":{"start":{"line":345,"column":5},"end":{"line":345,"column":38}},"190":{"start":{"line":354,"column":2},"end":{"line":382,"column":3}},"191":{"start":{"line":355,"column":3},"end":{"line":355,"column":15}},"192":{"start":{"line":356,"column":3},"end":{"line":356,"column":16}},"193":{"start":{"line":357,"column":3},"end":{"line":370,"column":4}},"194":{"start":{"line":358,"column":4},"end":{"line":360,"column":5}},"195":{"start":{"line":359,"column":5},"end":{"line":359,"column":26}},"196":{"start":{"line":361,"column":4},"end":{"line":363,"column":5}},"197":{"start":{"line":362,"column":5},"end":{"line":362,"column":18}},"198":{"start":{"line":364,"column":4},"end":{"line":364,"column":23}},"199":{"start":{"line":365,"column":4},"end":{"line":368,"column":5}},"200":{"start":{"line":366,"column":5},"end":{"line":366,"column":81}},"201":{"start":{"line":367,"column":5},"end":{"line":367,"column":17}},"202":{"start":{"line":369,"column":4},"end":{"line":369,"column":27}},"203":{"start":{"line":371,"column":3},"end":{"line":381,"column":4}},"204":{"start":{"line":372,"column":4},"end":{"line":372,"column":57}},"205":{"start":{"line":373,"column":4},"end":{"line":376,"column":5}},"206":{"start":{"line":375,"column":5},"end":{"line":375,"column":29}},"207":{"start":{"line":377,"column":4},"end":{"line":377,"column":11}},"208":{"start":{"line":378,"column":4},"end":{"line":379,"column":14}},"209":{"start":{"line":379,"column":5},"end":{"line":379,"column":14}},"210":{"start":{"line":380,"column":4},"end":{"line":380,"column":26}},"211":{"start":{"line":383,"column":2},"end":{"line":383,"column":21}},"212":{"start":{"line":385,"column":1},"end":{"line":385,"column":24}},"213":{"start":{"line":389,"column":0},"end":{"line":389,"column":18}},"214":{"start":{"line":391,"column":0},"end":{"line":391,"column":62}}},"branchMap":{"1":{"line":5,"type":"cond-expr","locations":[{"start":{"line":5,"column":64},"end":{"line":5,"column":151}},{"start":{"line":6,"column":1},"end":{"line":7,"column":61}}]},"2":{"line":5,"type":"binary-expr","locations":[{"start":{"line":5,"column":1},"end":{"line":5,"column":28}},{"start":{"line":5,"column":32},"end":{"line":5,"column":61}}]},"3":{"line":6,"type":"cond-expr","locations":[{"start":{"line":6,"column":46},"end":{"line":6,"column":127}},{"start":{"line":7,"column":2},"end":{"line":7,"column":60}}]},"4":{"line":6,"type":"binary-expr","locations":[{"start":{"line":6,"column":1},"end":{"line":6,"column":29}},{"start":{"line":6,"column":33},"end":{"line":6,"column":43}}]},"5":{"line":7,"type":"binary-expr","locations":[{"start":{"line":7,"column":23},"end":{"line":7,"column":32}},{"start":{"line":7,"column":36},"end":{"line":7,"column":38}}]},"6":{"line":44,"type":"if","locations":[{"start":{"line":44,"column":1},"end":{"line":44,"column":1}},{"start":{"line":44,"column":1},"end":{"line":44,"column":1}}]},"7":{"line":45,"type":"if","locations":[{"start":{"line":45,"column":2},"end":{"line":45,"column":2}},{"start":{"line":45,"column":2},"end":{"line":45,"column":2}}]},"8":{"line":51,"type":"if","locations":[{"start":{"line":51,"column":8},"end":{"line":51,"column":8}},{"start":{"line":51,"column":8},"end":{"line":51,"column":8}}]},"9":{"line":58,"type":"binary-expr","locations":[{"start":{"line":58,"column":9},"end":{"line":58,"column":30}},{"start":{"line":58,"column":34},"end":{"line":58,"column":45}}]},"10":{"line":63,"type":"binary-expr","locations":[{"start":{"line":63,"column":117},"end":{"line":63,"column":140}},{"start":{"line":63,"column":144},"end":{"line":63,"column":156}}]},"11":{"line":65,"type":"if","locations":[{"start":{"line":65,"column":2},"end":{"line":65,"column":2}},{"start":{"line":65,"column":2},"end":{"line":65,"column":2}}]},"12":{"line":72,"type":"binary-expr","locations":[{"start":{"line":72,"column":10},"end":{"line":72,"column":47}},{"start":{"line":72,"column":49},"end":{"line":72,"column":87}}]},"13":{"line":75,"type":"if","locations":[{"start":{"line":75,"column":5},"end":{"line":75,"column":5}},{"start":{"line":75,"column":5},"end":{"line":75,"column":5}}]},"14":{"line":81,"type":"if","locations":[{"start":{"line":81,"column":6},"end":{"line":81,"column":6}},{"start":{"line":81,"column":6},"end":{"line":81,"column":6}}]},"15":{"line":81,"type":"binary-expr","locations":[{"start":{"line":81,"column":9},"end":{"line":81,"column":27}},{"start":{"line":81,"column":29},"end":{"line":81,"column":49}}]},"16":{"line":101,"type":"if","locations":[{"start":{"line":101,"column":2},"end":{"line":101,"column":2}},{"start":{"line":101,"column":2},"end":{"line":101,"column":2}}]},"17":{"line":119,"type":"if","locations":[{"start":{"line":119,"column":4},"end":{"line":119,"column":4}},{"start":{"line":119,"column":4},"end":{"line":119,"column":4}}]},"18":{"line":128,"type":"if","locations":[{"start":{"line":128,"column":2},"end":{"line":128,"column":2}},{"start":{"line":128,"column":2},"end":{"line":128,"column":2}}]},"19":{"line":131,"type":"cond-expr","locations":[{"start":{"line":131,"column":37},"end":{"line":131,"column":74}},{"start":{"line":131,"column":77},"end":{"line":131,"column":82}}]},"20":{"line":135,"type":"cond-expr","locations":[{"start":{"line":135,"column":37},"end":{"line":135,"column":44}},{"start":{"line":135,"column":47},"end":{"line":135,"column":49}}]},"21":{"line":136,"type":"binary-expr","locations":[{"start":{"line":136,"column":11},"end":{"line":136,"column":17}},{"start":{"line":136,"column":21},"end":{"line":136,"column":29}}]},"22":{"line":146,"type":"binary-expr","locations":[{"start":{"line":146,"column":14},"end":{"line":146,"column":28}},{"start":{"line":146,"column":33},"end":{"line":146,"column":47}}]},"23":{"line":157,"type":"if","locations":[{"start":{"line":157,"column":2},"end":{"line":157,"column":2}},{"start":{"line":157,"column":2},"end":{"line":157,"column":2}}]},"24":{"line":159,"type":"if","locations":[{"start":{"line":159,"column":3},"end":{"line":159,"column":3}},{"start":{"line":159,"column":3},"end":{"line":159,"column":3}}]},"25":{"line":169,"type":"binary-expr","locations":[{"start":{"line":169,"column":12},"end":{"line":169,"column":19}},{"start":{"line":169,"column":23},"end":{"line":169,"column":24}}]},"26":{"line":177,"type":"if","locations":[{"start":{"line":177,"column":2},"end":{"line":177,"column":2}},{"start":{"line":177,"column":2},"end":{"line":177,"column":2}}]},"27":{"line":179,"type":"if","locations":[{"start":{"line":179,"column":3},"end":{"line":179,"column":3}},{"start":{"line":179,"column":3},"end":{"line":179,"column":3}}]},"28":{"line":189,"type":"binary-expr","locations":[{"start":{"line":189,"column":12},"end":{"line":189,"column":19}},{"start":{"line":189,"column":23},"end":{"line":189,"column":24}}]},"29":{"line":191,"type":"cond-expr","locations":[{"start":{"line":191,"column":18},"end":{"line":193,"column":3}},{"start":{"line":193,"column":5},"end":{"line":193,"column":14}}]},"30":{"line":199,"type":"binary-expr","locations":[{"start":{"line":199,"column":12},"end":{"line":199,"column":19}},{"start":{"line":199,"column":23},"end":{"line":199,"column":25}}]},"31":{"line":204,"type":"binary-expr","locations":[{"start":{"line":204,"column":12},"end":{"line":204,"column":19}},{"start":{"line":204,"column":23},"end":{"line":204,"column":25}}]},"32":{"line":216,"type":"binary-expr","locations":[{"start":{"line":216,"column":12},"end":{"line":216,"column":19}},{"start":{"line":216,"column":23},"end":{"line":216,"column":25}}]},"33":{"line":238,"type":"cond-expr","locations":[{"start":{"line":238,"column":45},"end":{"line":238,"column":53}},{"start":{"line":238,"column":56},"end":{"line":238,"column":71}}]},"34":{"line":246,"type":"binary-expr","locations":[{"start":{"line":246,"column":14},"end":{"line":246,"column":24}},{"start":{"line":246,"column":28},"end":{"line":246,"column":29}}]},"35":{"line":267,"type":"if","locations":[{"start":{"line":267,"column":3},"end":{"line":267,"column":3}},{"start":{"line":267,"column":3},"end":{"line":267,"column":3}}]},"36":{"line":269,"type":"if","locations":[{"start":{"line":269,"column":3},"end":{"line":269,"column":3}},{"start":{"line":269,"column":3},"end":{"line":269,"column":3}}]},"37":{"line":278,"type":"if","locations":[{"start":{"line":278,"column":4},"end":{"line":278,"column":4}},{"start":{"line":278,"column":4},"end":{"line":278,"column":4}}]},"38":{"line":281,"type":"if","locations":[{"start":{"line":281,"column":9},"end":{"line":281,"column":9}},{"start":{"line":281,"column":9},"end":{"line":281,"column":9}}]},"39":{"line":284,"type":"if","locations":[{"start":{"line":284,"column":5},"end":{"line":284,"column":5}},{"start":{"line":284,"column":5},"end":{"line":284,"column":5}}]},"40":{"line":291,"type":"cond-expr","locations":[{"start":{"line":291,"column":64},"end":{"line":291,"column":108}},{"start":{"line":291,"column":111},"end":{"line":291,"column":115}}]},"41":{"line":293,"type":"if","locations":[{"start":{"line":293,"column":4},"end":{"line":293,"column":4}},{"start":{"line":293,"column":4},"end":{"line":293,"column":4}}]},"42":{"line":294,"type":"if","locations":[{"start":{"line":294,"column":5},"end":{"line":294,"column":5}},{"start":{"line":294,"column":5},"end":{"line":294,"column":5}}]},"43":{"line":294,"type":"binary-expr","locations":[{"start":{"line":294,"column":9},"end":{"line":294,"column":20}},{"start":{"line":294,"column":24},"end":{"line":294,"column":60}}]},"44":{"line":296,"type":"if","locations":[{"start":{"line":296,"column":10},"end":{"line":296,"column":10}},{"start":{"line":296,"column":10},"end":{"line":296,"column":10}}]},"45":{"line":300,"type":"if","locations":[{"start":{"line":300,"column":12},"end":{"line":300,"column":12}},{"start":{"line":300,"column":12},"end":{"line":300,"column":12}}]},"46":{"line":302,"type":"if","locations":[{"start":{"line":302,"column":11},"end":{"line":302,"column":11}},{"start":{"line":302,"column":11},"end":{"line":302,"column":11}}]},"47":{"line":304,"type":"binary-expr","locations":[{"start":{"line":304,"column":12},"end":{"line":304,"column":27}},{"start":{"line":304,"column":31},"end":{"line":304,"column":69}},{"start":{"line":304,"column":73},"end":{"line":304,"column":111}}]},"48":{"line":308,"type":"if","locations":[{"start":{"line":308,"column":5},"end":{"line":308,"column":5}},{"start":{"line":308,"column":5},"end":{"line":308,"column":5}}]},"49":{"line":309,"type":"binary-expr","locations":[{"start":{"line":309,"column":13},"end":{"line":309,"column":28}},{"start":{"line":309,"column":32},"end":{"line":309,"column":70}}]},"50":{"line":312,"type":"if","locations":[{"start":{"line":312,"column":5},"end":{"line":312,"column":5}},{"start":{"line":312,"column":5},"end":{"line":312,"column":5}}]},"51":{"line":312,"type":"binary-expr","locations":[{"start":{"line":312,"column":9},"end":{"line":312,"column":20}},{"start":{"line":312,"column":25},"end":{"line":312,"column":49}},{"start":{"line":312,"column":54},"end":{"line":312,"column":90}}]},"52":{"line":336,"type":"if","locations":[{"start":{"line":336,"column":4},"end":{"line":336,"column":4}},{"start":{"line":336,"column":4},"end":{"line":336,"column":4}}]},"53":{"line":336,"type":"binary-expr","locations":[{"start":{"line":336,"column":9},"end":{"line":336,"column":39}},{"start":{"line":336,"column":44},"end":{"line":336,"column":75}},{"start":{"line":337,"column":7},"end":{"line":337,"column":35}},{"start":{"line":337,"column":40},"end":{"line":337,"column":71}},{"start":{"line":338,"column":8},"end":{"line":338,"column":77}},{"start":{"line":339,"column":6},"end":{"line":339,"column":37}},{"start":{"line":339,"column":42},"end":{"line":339,"column":111}}]},"54":{"line":354,"type":"binary-expr","locations":[{"start":{"line":354,"column":9},"end":{"line":354,"column":24}},{"start":{"line":354,"column":28},"end":{"line":354,"column":60}},{"start":{"line":354,"column":64},"end":{"line":354,"column":69}}]},"55":{"line":357,"type":"binary-expr","locations":[{"start":{"line":357,"column":10},"end":{"line":357,"column":23}},{"start":{"line":357,"column":27},"end":{"line":357,"column":40}},{"start":{"line":357,"column":44},"end":{"line":357,"column":59}}]},"56":{"line":358,"type":"if","locations":[{"start":{"line":358,"column":4},"end":{"line":358,"column":4}},{"start":{"line":358,"column":4},"end":{"line":358,"column":4}}]},"57":{"line":361,"type":"if","locations":[{"start":{"line":361,"column":4},"end":{"line":361,"column":4}},{"start":{"line":361,"column":4},"end":{"line":361,"column":4}}]},"58":{"line":361,"type":"binary-expr","locations":[{"start":{"line":361,"column":8},"end":{"line":361,"column":34}},{"start":{"line":361,"column":38},"end":{"line":361,"column":51}}]},"59":{"line":365,"type":"if","locations":[{"start":{"line":365,"column":4},"end":{"line":365,"column":4}},{"start":{"line":365,"column":4},"end":{"line":365,"column":4}}]},"60":{"line":365,"type":"binary-expr","locations":[{"start":{"line":365,"column":8},"end":{"line":365,"column":12}},{"start":{"line":365,"column":16},"end":{"line":365,"column":54}}]},"61":{"line":366,"type":"binary-expr","locations":[{"start":{"line":366,"column":12},"end":{"line":366,"column":27}},{"start":{"line":366,"column":31},"end":{"line":366,"column":79}}]},"62":{"line":371,"type":"if","locations":[{"start":{"line":371,"column":3},"end":{"line":371,"column":3}},{"start":{"line":371,"column":3},"end":{"line":371,"column":3}}]},"63":{"line":372,"type":"cond-expr","locations":[{"start":{"line":372,"column":25},"end":{"line":372,"column":47}},{"start":{"line":372,"column":50},"end":{"line":372,"column":56}}]},"64":{"line":373,"type":"if","locations":[{"start":{"line":373,"column":4},"end":{"line":373,"column":4}},{"start":{"line":373,"column":4},"end":{"line":373,"column":4}}]},"65":{"line":373,"type":"binary-expr","locations":[{"start":{"line":373,"column":8},"end":{"line":373,"column":23}},{"start":{"line":373,"column":28},"end":{"line":373,"column":42}},{"start":{"line":373,"column":46},"end":{"line":373,"column":74}}]},"66":{"line":378,"type":"if","locations":[{"start":{"line":378,"column":4},"end":{"line":378,"column":4}},{"start":{"line":378,"column":4},"end":{"line":378,"column":4}}]}}}}