TN:
SF:C:\Applic\Server\DBNode-4.0.0-beta-3\htdocs\__Projects\xassist\submodules\xassist-csv\dist\xAssist-csv.js
FN:7,(anonymous_1)
FN:11,(anonymous_2)
FN:29,_setOptions
FN:32,_setDelimiter
FN:39,_getReFormat
FN:42,csv
FN:59,_isNumeric
FN:63,_getHeader
FN:70,(anonymous_9)
FN:102,formatResult
FN:109,rowArrayToText
FN:110,(anonymous_12)
FN:114,rowObjectToText
FN:115,(anonymous_14)
FN:119,(anonymous_15)
FN:121,(anonymous_16)
FN:128,valueToText
FN:137,arrayToObject
FN:141,(anonymous_19)
FN:147,(anonymous_20)
FN:148,(anonymous_21)
FN:156,toArray
FN:175,toObject
FN:195,(anonymous_24)
FN:200,fromObject
FN:206,(anonymous_26)
FN:211,(anonymous_27)
FN:217,fromArray
FN:219,(anonymous_29)
FN:236,csvParser
FN:246,parseRows
FN:259,setError
FN:268,getNextValue
FN:279,checkCRLF
FN:336,getResult
FN:338,(anonymous_36)
FN:351,(anonymous_37)
FNF:37
FNH:25
FNDA:1,(anonymous_1)
FNDA:1,(anonymous_2)
FNDA:40,_setOptions
FNDA:10,_setDelimiter
FNDA:77,_getReFormat
FNDA:67,csv
FNDA:8,_isNumeric
FNDA:17,_getHeader
FNDA:4,(anonymous_9)
FNDA:67,formatResult
FNDA:0,rowArrayToText
FNDA:0,(anonymous_12)
FNDA:0,rowObjectToText
FNDA:0,(anonymous_14)
FNDA:0,(anonymous_15)
FNDA:0,(anonymous_16)
FNDA:0,valueToText
FNDA:33,arrayToObject
FNDA:24,(anonymous_19)
FNDA:127,(anonymous_20)
FNDA:343,(anonymous_21)
FNDA:33,toArray
FNDA:34,toObject
FNDA:9,(anonymous_24)
FNDA:0,fromObject
FNDA:0,(anonymous_26)
FNDA:0,(anonymous_27)
FNDA:0,fromArray
FNDA:0,(anonymous_29)
FNDA:82,csvParser
FNDA:82,parseRows
FNDA:4,setError
FNDA:1051,getNextValue
FNDA:6163,checkCRLF
FNDA:82,getResult
FNDA:16,(anonymous_36)
FNDA:264,(anonymous_37)
DA:7,1
DA:8,1
DA:13,1
DA:14,1
DA:25,1
DA:29,1
DA:30,40
DA:32,1
DA:33,10
DA:34,10
DA:35,12
DA:37,10
DA:39,1
DA:40,77
DA:42,1
DA:43,67
DA:47,67
DA:48,38
DA:49,4
DA:50,4
DA:52,34
DA:54,29
DA:55,6
DA:56,6
DA:57,6
DA:59,1
DA:61,8
DA:63,1
DA:64,17
DA:65,17
DA:66,17
DA:68,17
DA:70,15
DA:72,15
DA:74,45
DA:75,45
DA:77,8
DA:78,8
DA:79,0
DA:80,0
DA:83,8
DA:84,8
DA:85,8
DA:86,8
DA:89,0
DA:90,0
DA:95,8
DA:97,45
DA:100,17
DA:102,1
DA:103,67
DA:104,67
DA:105,4
DA:107,67
DA:109,1
DA:110,0
DA:111,0
DA:114,1
DA:115,0
DA:116,0
DA:117,0
DA:119,0
DA:120,0
DA:121,0
DA:122,0
DA:123,0
DA:125,0
DA:128,1
DA:131,0
DA:132,0
DA:134,0
DA:137,1
DA:138,33
DA:139,33
DA:141,33
DA:142,24
DA:143,1
DA:145,24
DA:147,33
DA:148,127
DA:149,343
DA:150,343
DA:151,343
DA:156,1
DA:159,33
DA:160,33
DA:161,8
DA:162,8
DA:163,7
DA:166,1
DA:170,25
DA:172,32
DA:173,32
DA:175,1
DA:178,34
DA:181,34
DA:182,9
DA:183,9
DA:184,8
DA:187,1
DA:191,25
DA:193,33
DA:194,33
DA:195,33
DA:196,9
DA:198,33
DA:200,1
DA:201,0
DA:204,0
DA:205,0
DA:206,0
DA:207,0
DA:209,0
DA:210,0
DA:211,0
DA:212,0
DA:217,1
DA:218,0
DA:220,0
DA:222,0
DA:223,0
DA:228,67
DA:236,1
DA:238,82
DA:239,82
DA:240,82
DA:241,82
DA:242,82
DA:243,82
DA:244,82
DA:245,82
DA:246,1
DA:247,82
DA:259,1
DA:260,4
DA:265,4
DA:268,1
DA:269,1051
DA:273,1051
DA:274,1051
DA:275,126
DA:276,925
DA:277,201
DA:279,1
DA:285,6163
DA:286,8
DA:288,6155
DA:289,193
DA:291,193
DA:292,134
DA:294,6163
DA:296,724
DA:297,724
DA:298,724
DA:299,724
DA:300,6165
DA:301,6129
DA:302,627
DA:303,5502
DA:305,36
DA:306,36
DA:307,5466
DA:308,5186
DA:309,36
DA:311,34
DA:312,34
DA:313,34
DA:315,34
DA:316,34
DA:318,0
DA:319,34
DA:320,32
DA:323,2
DA:324,2
DA:329,2
DA:330,2
DA:334,61
DA:336,1
DA:337,82
DA:338,82
DA:339,16
DA:341,82
DA:342,82
DA:343,16
DA:347,8
DA:350,82
DA:352,264
DA:361,82
DA:362,266
DA:363,266
DA:364,266
DA:365,718
DA:366,708
DA:368,718
DA:369,48
DA:371,718
DA:372,718
DA:373,10
DA:374,10
DA:376,718
DA:378,266
DA:379,264
DA:380,264
DA:382,28
DA:384,264
DA:385,264
DA:386,0
DA:387,264
DA:390,82
DA:392,82
DA:396,1
DA:398,1
LF:212
LH:179
BRDA:8,1,0,1
BRDA:8,1,1,0
BRDA:8,2,0,1
BRDA:8,2,1,1
BRDA:9,3,0,0
BRDA:9,3,1,0
BRDA:9,4,0,0
BRDA:9,4,1,0
BRDA:10,5,0,0
BRDA:10,5,1,0
BRDA:47,6,0,38
BRDA:47,6,1,29
BRDA:48,7,0,4
BRDA:48,7,1,34
BRDA:54,8,0,6
BRDA:54,8,1,23
BRDA:61,9,0,8
BRDA:61,9,1,8
BRDA:66,10,0,17
BRDA:66,10,1,2
BRDA:68,11,0,15
BRDA:68,11,1,2
BRDA:75,12,0,53
BRDA:75,12,1,12
BRDA:78,13,0,0
BRDA:78,13,1,8
BRDA:84,14,0,8
BRDA:84,14,1,0
BRDA:84,15,0,8
BRDA:84,15,1,8
BRDA:104,16,0,4
BRDA:104,16,1,63
BRDA:122,17,0,0
BRDA:122,17,1,0
BRDA:131,18,0,0
BRDA:131,18,1,0
BRDA:134,19,0,0
BRDA:134,19,1,0
BRDA:138,20,0,33
BRDA:138,20,1,0
BRDA:139,21,0,33
BRDA:139,21,1,0
BRDA:149,22,0,343
BRDA:149,22,1,242
BRDA:160,23,0,8
BRDA:160,23,1,25
BRDA:162,24,0,7
BRDA:162,24,1,1
BRDA:172,25,0,32
BRDA:172,25,1,30
BRDA:181,26,0,9
BRDA:181,26,1,25
BRDA:183,27,0,8
BRDA:183,27,1,1
BRDA:193,28,0,33
BRDA:193,28,1,31
BRDA:195,29,0,2
BRDA:195,29,1,31
BRDA:204,30,0,0
BRDA:204,30,1,0
BRDA:209,31,0,0
BRDA:209,31,1,0
BRDA:222,32,0,0
BRDA:222,32,1,0
BRDA:245,33,0,65
BRDA:245,33,1,17
BRDA:253,34,0,82
BRDA:253,34,1,67
BRDA:274,35,0,126
BRDA:274,35,1,925
BRDA:276,36,0,201
BRDA:276,36,1,724
BRDA:285,37,0,8
BRDA:285,37,1,6155
BRDA:288,38,0,193
BRDA:288,38,1,5962
BRDA:291,39,0,134
BRDA:291,39,1,59
BRDA:298,40,0,720
BRDA:298,40,1,4
BRDA:300,41,0,6129
BRDA:300,41,1,36
BRDA:301,42,0,627
BRDA:301,42,1,5502
BRDA:301,43,0,6129
BRDA:301,43,1,5938
BRDA:303,44,0,36
BRDA:303,44,1,5466
BRDA:307,45,0,5186
BRDA:307,45,1,280
BRDA:309,46,0,34
BRDA:309,46,1,2
BRDA:311,47,0,374
BRDA:311,47,1,374
BRDA:311,47,2,36
BRDA:315,48,0,34
BRDA:315,48,1,0
BRDA:316,49,0,124
BRDA:316,49,1,124
BRDA:319,50,0,32
BRDA:319,50,1,2
BRDA:319,51,0,34
BRDA:319,51,1,24
BRDA:319,51,2,22
BRDA:343,52,0,8
BRDA:343,52,1,8
BRDA:343,53,0,16
BRDA:343,53,1,14
BRDA:343,53,2,14
BRDA:343,53,3,4
BRDA:343,53,4,4
BRDA:343,53,5,10
BRDA:343,53,6,8
BRDA:361,54,0,348
BRDA:361,54,1,333
BRDA:361,54,2,270
BRDA:364,55,0,984
BRDA:364,55,1,783
BRDA:364,55,2,720
BRDA:365,56,0,708
BRDA:365,56,1,10
BRDA:368,57,0,48
BRDA:368,57,1,670
BRDA:368,58,0,718
BRDA:368,58,1,712
BRDA:372,59,0,10
BRDA:372,59,1,708
BRDA:372,60,0,718
BRDA:372,60,1,517
BRDA:373,61,0,18
BRDA:373,61,1,16
BRDA:378,62,0,264
BRDA:378,62,1,2
BRDA:379,63,0,136
BRDA:379,63,1,128
BRDA:380,64,0,28
BRDA:380,64,1,236
BRDA:380,65,0,264
BRDA:380,65,1,264
BRDA:380,65,2,264
BRDA:385,66,0,0
BRDA:385,66,1,264
BRF:142
BRH:117
end_of_record
