TN:
SF:C:\Applic\Server\DBNode-4.0.0-beta-3\htdocs\__Projects\utilities\submodules\xassist-csv\dist\xAssist-csv.js
FN:4,(anonymous_1)
FN:8,(anonymous_2)
FN:26,_setOptions
FN:29,_setDelimiter
FN:36,_getReFormat
FN:39,csv
FN:56,_isNumeric
FN:60,_getHeader
FN:67,(anonymous_9)
FN:99,formatResult
FN:106,rowArrayToText
FN:107,(anonymous_12)
FN:111,rowObjectToText
FN:112,(anonymous_14)
FN:116,(anonymous_15)
FN:118,(anonymous_16)
FN:125,valueToText
FN:134,arrayToObject
FN:138,(anonymous_19)
FN:144,(anonymous_20)
FN:145,(anonymous_21)
FN:153,toArray
FN:171,toObject
FN:191,(anonymous_24)
FN:196,fromObject
FN:202,(anonymous_26)
FN:207,(anonymous_27)
FN:212,fromArray
FN:214,(anonymous_29)
FN:230,csvParser
FN:240,parseRows
FN:251,setError
FN:260,getNextValue
FN:271,checkCRLF
FN:328,getResult
FN:330,(anonymous_36)
FN:343,(anonymous_37)
FNF:37
FNH:25
FNDA:1,(anonymous_1)
FNDA:1,(anonymous_2)
FNDA:40,_setOptions
FNDA:10,_setDelimiter
FNDA:77,_getReFormat
FNDA:67,csv
FNDA:8,_isNumeric
FNDA:17,_getHeader
FNDA:4,(anonymous_9)
FNDA:67,formatResult
FNDA:0,rowArrayToText
FNDA:0,(anonymous_12)
FNDA:0,rowObjectToText
FNDA:0,(anonymous_14)
FNDA:0,(anonymous_15)
FNDA:0,(anonymous_16)
FNDA:0,valueToText
FNDA:33,arrayToObject
FNDA:24,(anonymous_19)
FNDA:127,(anonymous_20)
FNDA:343,(anonymous_21)
FNDA:33,toArray
FNDA:34,toObject
FNDA:9,(anonymous_24)
FNDA:0,fromObject
FNDA:0,(anonymous_26)
FNDA:0,(anonymous_27)
FNDA:0,fromArray
FNDA:0,(anonymous_29)
FNDA:82,csvParser
FNDA:82,parseRows
FNDA:4,setError
FNDA:1051,getNextValue
FNDA:6163,checkCRLF
FNDA:82,getResult
FNDA:16,(anonymous_36)
FNDA:264,(anonymous_37)
DA:4,1
DA:5,1
DA:10,1
DA:11,1
DA:22,1
DA:26,1
DA:27,40
DA:29,1
DA:30,10
DA:31,10
DA:32,12
DA:34,10
DA:36,1
DA:37,77
DA:39,1
DA:40,67
DA:44,67
DA:45,38
DA:46,4
DA:47,4
DA:49,34
DA:51,29
DA:52,6
DA:53,6
DA:54,6
DA:56,1
DA:58,8
DA:60,1
DA:61,17
DA:62,17
DA:63,17
DA:65,17
DA:67,15
DA:69,15
DA:71,45
DA:72,45
DA:74,8
DA:75,8
DA:76,0
DA:77,0
DA:80,8
DA:81,8
DA:82,8
DA:83,8
DA:86,0
DA:87,0
DA:92,8
DA:94,45
DA:97,17
DA:99,1
DA:100,67
DA:101,67
DA:102,4
DA:104,67
DA:106,1
DA:107,0
DA:108,0
DA:111,1
DA:112,0
DA:113,0
DA:114,0
DA:116,0
DA:117,0
DA:118,0
DA:119,0
DA:120,0
DA:122,0
DA:125,1
DA:128,0
DA:129,0
DA:131,0
DA:134,1
DA:135,33
DA:136,33
DA:138,33
DA:139,24
DA:140,1
DA:142,24
DA:144,33
DA:145,127
DA:146,343
DA:147,343
DA:148,343
DA:153,1
DA:156,33
DA:157,33
DA:158,8
DA:159,8
DA:160,7
DA:163,1
DA:167,25
DA:169,32
DA:170,32
DA:171,1
DA:174,34
DA:177,34
DA:178,9
DA:179,9
DA:180,8
DA:183,1
DA:187,25
DA:189,33
DA:190,33
DA:191,33
DA:192,9
DA:195,33
DA:196,1
DA:197,0
DA:200,0
DA:201,0
DA:202,0
DA:203,0
DA:205,0
DA:206,0
DA:207,0
DA:208,0
DA:212,1
DA:213,0
DA:215,0
DA:217,0
DA:218,0
DA:222,67
DA:230,1
DA:232,82
DA:233,82
DA:234,82
DA:235,82
DA:236,82
DA:237,82
DA:238,82
DA:239,82
DA:240,1
DA:241,82
DA:251,1
DA:252,4
DA:257,4
DA:260,1
DA:261,1051
DA:265,1051
DA:266,1051
DA:267,126
DA:268,925
DA:269,201
DA:271,1
DA:277,6163
DA:278,8
DA:280,6155
DA:281,193
DA:283,193
DA:284,134
DA:286,6163
DA:288,724
DA:289,724
DA:290,724
DA:291,724
DA:292,6165
DA:293,6129
DA:294,627
DA:295,5502
DA:297,36
DA:298,36
DA:299,5466
DA:300,5186
DA:301,36
DA:303,34
DA:304,34
DA:305,34
DA:307,34
DA:308,34
DA:310,0
DA:311,34
DA:312,32
DA:315,2
DA:316,2
DA:321,2
DA:322,2
DA:326,61
DA:328,1
DA:329,82
DA:330,82
DA:331,16
DA:333,82
DA:334,82
DA:335,16
DA:339,8
DA:342,82
DA:344,264
DA:353,82
DA:354,266
DA:356,266
DA:357,718
DA:358,708
DA:360,718
DA:361,48
DA:363,718
DA:364,718
DA:365,10
DA:366,10
DA:368,718
DA:370,266
DA:371,264
DA:372,264
DA:374,28
DA:376,264
DA:377,264
DA:378,0
DA:379,264
DA:382,82
DA:384,82
DA:388,1
DA:390,1
LF:211
LH:178
BRDA:5,1,0,1
BRDA:5,1,1,0
BRDA:5,2,0,1
BRDA:5,2,1,1
BRDA:6,3,0,0
BRDA:6,3,1,0
BRDA:6,4,0,0
BRDA:6,4,1,0
BRDA:7,5,0,0
BRDA:7,5,1,0
BRDA:44,6,0,38
BRDA:44,6,1,29
BRDA:45,7,0,4
BRDA:45,7,1,34
BRDA:51,8,0,6
BRDA:51,8,1,23
BRDA:58,9,0,8
BRDA:58,9,1,8
BRDA:63,10,0,17
BRDA:63,10,1,2
BRDA:65,11,0,15
BRDA:65,11,1,2
BRDA:72,12,0,53
BRDA:72,12,1,12
BRDA:75,13,0,0
BRDA:75,13,1,8
BRDA:81,14,0,8
BRDA:81,14,1,0
BRDA:81,15,0,8
BRDA:81,15,1,8
BRDA:101,16,0,4
BRDA:101,16,1,63
BRDA:119,17,0,0
BRDA:119,17,1,0
BRDA:128,18,0,0
BRDA:128,18,1,0
BRDA:131,19,0,0
BRDA:131,19,1,0
BRDA:135,20,0,33
BRDA:135,20,1,0
BRDA:136,21,0,33
BRDA:136,21,1,0
BRDA:146,22,0,343
BRDA:146,22,1,242
BRDA:157,23,0,8
BRDA:157,23,1,25
BRDA:159,24,0,7
BRDA:159,24,1,1
BRDA:169,25,0,32
BRDA:169,25,1,30
BRDA:177,26,0,9
BRDA:177,26,1,25
BRDA:179,27,0,8
BRDA:179,27,1,1
BRDA:189,28,0,33
BRDA:189,28,1,31
BRDA:191,29,0,2
BRDA:191,29,1,31
BRDA:200,30,0,0
BRDA:200,30,1,0
BRDA:205,31,0,0
BRDA:205,31,1,0
BRDA:217,32,0,0
BRDA:217,32,1,0
BRDA:239,33,0,65
BRDA:239,33,1,17
BRDA:245,34,0,82
BRDA:245,34,1,67
BRDA:266,35,0,126
BRDA:266,35,1,925
BRDA:268,36,0,201
BRDA:268,36,1,724
BRDA:277,37,0,8
BRDA:277,37,1,6155
BRDA:280,38,0,193
BRDA:280,38,1,5962
BRDA:283,39,0,134
BRDA:283,39,1,59
BRDA:290,40,0,720
BRDA:290,40,1,4
BRDA:292,41,0,6129
BRDA:292,41,1,36
BRDA:293,42,0,627
BRDA:293,42,1,5502
BRDA:293,43,0,6129
BRDA:293,43,1,5938
BRDA:295,44,0,36
BRDA:295,44,1,5466
BRDA:299,45,0,5186
BRDA:299,45,1,280
BRDA:301,46,0,34
BRDA:301,46,1,2
BRDA:303,47,0,374
BRDA:303,47,1,374
BRDA:303,47,2,36
BRDA:307,48,0,34
BRDA:307,48,1,0
BRDA:308,49,0,124
BRDA:308,49,1,124
BRDA:311,50,0,32
BRDA:311,50,1,2
BRDA:311,51,0,34
BRDA:311,51,1,24
BRDA:311,51,2,22
BRDA:335,52,0,8
BRDA:335,52,1,8
BRDA:335,53,0,16
BRDA:335,53,1,14
BRDA:335,53,2,14
BRDA:335,53,3,4
BRDA:335,53,4,4
BRDA:335,53,5,10
BRDA:335,53,6,8
BRDA:353,54,0,348
BRDA:353,54,1,333
BRDA:353,54,2,270
BRDA:356,55,0,984
BRDA:356,55,1,783
BRDA:356,55,2,720
BRDA:357,56,0,708
BRDA:357,56,1,10
BRDA:360,57,0,48
BRDA:360,57,1,670
BRDA:360,58,0,718
BRDA:360,58,1,712
BRDA:364,59,0,10
BRDA:364,59,1,708
BRDA:364,60,0,718
BRDA:364,60,1,517
BRDA:365,61,0,18
BRDA:365,61,1,16
BRDA:370,62,0,264
BRDA:370,62,1,2
BRDA:371,63,0,136
BRDA:371,63,1,128
BRDA:372,64,0,28
BRDA:372,64,1,236
BRDA:372,65,0,264
BRDA:372,65,1,264
BRDA:372,65,2,264
BRDA:377,66,0,0
BRDA:377,66,1,264
BRF:142
BRH:117
end_of_record
